2024-09-10 22:10:08,433 - INFO - Scores: [ 9.78734517e+02  2.06176891e+03  1.26111611e+05  6.51014640e+02
  6.96363721e+02 -2.66460999e+03  1.93357452e+05  2.87379015e+04
  1.07850465e+03  1.00122885e+03  1.58184715e+03 -1.35399885e+02
  1.78849286e+03  3.56314257e+03  7.47344486e+02  1.58184715e+03
  4.52124646e+04 -4.69854439e+02  2.85520425e+02  4.61619529e+04
  2.38741535e+03  4.39358107e+04 -4.56219538e+03  2.11783034e+04
  5.60971585e+04  4.91109375e+03  1.51960308e+04  6.79695919e+01
  3.63164344e+04  2.31956082e+04  2.57229585e+02  2.20543310e+03
  2.18958456e+05  1.30126448e+04  3.40862301e+04  1.80571635e+03
  1.99809501e+03  1.29484058e+04  7.17510061e+03  2.90629142e+03
  1.00183293e+03 -8.53504714e+02  1.26623993e+02  2.80584739e+04
  1.40517428e+04  1.07745485e+03  9.77872811e+03  2.98760563e+04
  2.22092142e+04  1.62179107e+03  1.60745437e+03  2.10629748e+04
  1.73146648e+04  4.39358107e+04  1.07745485e+03  1.34185932e+02
  1.39269231e+04  3.40862301e+04  2.30521260e+02  2.27645551e+04
 -2.84280906e+03  1.08911731e+04  1.53522609e+03  2.67779832e+04
  2.85520425e+02  1.00550955e+03  1.02990323e+05  9.82353333e+03
  9.41147344e+04  9.84584102e+04  3.40862301e+04  8.29138869e+02
  2.60135629e+04  2.22710979e+04  3.70625373e+02  1.36636185e+03
  7.17458558e+03  3.90599814e+03  3.63904100e+03  3.43071009e+04
  2.10629748e+04  2.26530324e+03  2.64837937e+04  1.64975794e+03
  5.46140923e+04  5.70619837e+04  2.90629142e+03  2.57739152e+03
  2.80584739e+04  1.29209650e+03  6.56464325e+02  9.41389092e+03
 -4.56219538e+03  9.78734517e+02  6.19443060e+03  2.94432377e+02
  2.82078701e+04  9.59548756e+03 -7.16017892e+02  1.88420433e+04
  1.68225674e+04  3.04326928e+03  8.58514471e+02  3.63164344e+04
  1.28043197e+03  9.41147344e+04  6.10180416e+04  6.10180416e+04
  4.39358107e+04  1.68225674e+04  3.43071009e+04  7.17458558e+03
  1.09667631e+04  1.24552879e+05  1.34951459e+04  1.26111611e+05
  1.33925286e+04  2.11861262e+04  2.71991036e+04  1.69966860e+03
  5.70619837e+04  3.32467348e+03  2.18958456e+05  2.32441813e+04
  1.55150403e+03  2.17548077e+03]
